app/build/intermediates/manifest_merge_blame_file/debug/manifest-merger-blame-debug-report.txt
1<?xml version="1.0" encoding="utf-8"?>
2<manifest xmlns:android="http://schemas.android.com/apk/res/android"
3    package="ru.osipov.nmediaapp"
4    android:versionCode="1"
5    android:versionName="1.0" >
6
7    <uses-sdk
8        android:minSdkVersion="23"
8-->src\main\AndroidManifest.xml
9        android:targetSdkVersion="29" />
9-->src\main\AndroidManifest.xml
10
11    <application
11-->src\main\AndroidManifest.xml:5:5-25:19
12        android:allowBackup="true"
12-->src\main\AndroidManifest.xml:6:9-35
13        android:appComponentFactory="androidx.core.app.CoreComponentFactory"
13-->[androidx.core:core:1.3.2] AndroidManifest.xml:24:18-86
14        android:debuggable="true"
15        android:extractNativeLibs="false"
16        android:icon="@mipmap/ic_launcher"
16-->src\main\AndroidManifest.xml:7:9-43
17        android:label="@string/app_name"
17-->src\main\AndroidManifest.xml:8:9-41
18        android:roundIcon="@mipmap/ic_launcher_round"
18-->src\main\AndroidManifest.xml:9:9-54
19        android:supportsRtl="true"
19-->src\main\AndroidManifest.xml:10:9-35
20        android:testOnly="true"
21        android:theme="@style/Theme.NMediaApp" >
21-->src\main\AndroidManifest.xml:11:9-47
22        <activity android:name="ru.osipov.nmediaapp.activities.AppActivity" >
22-->src\main\AndroidManifest.xml:12:9-24:20
22-->src\main\AndroidManifest.xml:12:19-57
23            <intent-filter>
23-->src\main\AndroidManifest.xml:13:13-16:29
24                <action android:name="android.intent.action.MAIN" />
24-->src\main\AndroidManifest.xml:14:17-69
24-->src\main\AndroidManifest.xml:14:25-66
25
26                <category android:name="android.intent.category.LAUNCHER" />
26-->src\main\AndroidManifest.xml:15:17-77
26-->src\main\AndroidManifest.xml:15:27-74
27            </intent-filter>
28            <intent-filter>
28-->src\main\AndroidManifest.xml:18:13-22:29
29                <action android:name="android.intent.action.SEND" />
29-->src\main\AndroidManifest.xml:19:17-68
29-->src\main\AndroidManifest.xml:19:25-66
30
31                <category android:name="android.intent.category.DEFAULT" />
31-->src\main\AndroidManifest.xml:20:17-75
31-->src\main\AndroidManifest.xml:20:27-73
32
33                <data android:mimeType="text/plain" />
33-->src\main\AndroidManifest.xml:21:17-54
33-->src\main\AndroidManifest.xml:21:23-52
34            </intent-filter>
35        </activity>
36    </application>
37
38</manifest>